[debug] [2022-09-08T05:18:26.557Z] ----------------------------------------------------------------------
[debug] [2022-09-08T05:18:26.559Z] Command:       C:\Program Files\nodejs\node.exe C:\Users\nanan\AppData\Roaming\npm\node_modules\firebase-tools\lib\bin\firebase.js hosting:channel:deploy goes to mars
[debug] [2022-09-08T05:18:26.560Z] CLI Version:   11.8.0
[debug] [2022-09-08T05:18:26.560Z] Platform:      win32
[debug] [2022-09-08T05:18:26.560Z] Node Version:  v16.15.1
[debug] [2022-09-08T05:18:26.561Z] Time:          Thu Sep 08 2022 12:18:26 GMT+0700 (Western Indonesia Time)
[debug] [2022-09-08T05:18:26.561Z] ----------------------------------------------------------------------
[debug] 
[debug] [2022-09-08T05:18:26.565Z] >>> [apiv2][query] GET https://firebase-public.firebaseio.com/cli.json [none]
[debug] [2022-09-08T05:18:26.669Z] > refreshing access token with scopes: []
[debug] [2022-09-08T05:18:26.671Z] >>> [apiv2][query] POST https://www.googleapis.com/oauth2/v3/token [none]
[debug] [2022-09-08T05:18:26.671Z] >>> [apiv2][body] POST https://www.googleapis.com/oauth2/v3/token [omitted]
[debug] [2022-09-08T05:18:26.936Z] <<< [apiv2][status] POST https://www.googleapis.com/oauth2/v3/token 200
[debug] [2022-09-08T05:18:26.937Z] <<< [apiv2][body] POST https://www.googleapis.com/oauth2/v3/token [omitted]
[debug] [2022-09-08T05:18:26.956Z] >>> [apiv2][query] GET https://firebase.googleapis.com/v1beta1/projects/undefined [none]
[debug] [2022-09-08T05:18:27.279Z] <<< [apiv2][status] GET https://firebase-public.firebaseio.com/cli.json 200
[debug] [2022-09-08T05:18:27.279Z] <<< [apiv2][body] GET https://firebase-public.firebaseio.com/cli.json {"cloudBuildErrorAfter":1594252800000,"cloudBuildWarnAfter":1590019200000,"defaultNode10After":1594252800000,"minVersion":"3.0.5","node8DeploysDisabledAfter":1613390400000,"node8RuntimeDisabledAfter":1615809600000,"node8WarnAfter":1600128000000}
[debug] [2022-09-08T05:18:27.467Z] <<< [apiv2][status] GET https://firebase.googleapis.com/v1beta1/projects/undefined 403
[debug] [2022-09-08T05:18:27.468Z] <<< [apiv2][body] GET https://firebase.googleapis.com/v1beta1/projects/undefined {"error":{"code":403,"message":"The caller does not have permission","status":"PERMISSION_DENIED"}}
[debug] [2022-09-08T05:18:27.472Z] HTTP Error: 403, The caller does not have permission
[debug] [2022-09-08T05:18:27.745Z] FirebaseError: HTTP Error: 403, The caller does not have permission
    at responseToError (C:\Users\nanan\AppData\Roaming\npm\node_modules\firebase-tools\lib\responseToError.js:49:12)
    at RetryOperation._fn (C:\Users\nanan\AppData\Roaming\npm\node_modules\firebase-tools\lib\apiv2.js:288:77)
    at processTicksAndRejections (node:internal/process/task_queues:96:5)
[error] 
[error] Error: Failed to get Firebase project undefined. Please make sure the project exists and your account has permission to access it.
